<?xml version="1.0" encoding="UTF-8"?>
<testsuites name="Mocha Tests" time="12.131" tests="6" failures="1">
  <testsuite name="Root Suite" timestamp="2024-09-18T22:25:19" tests="0" file="cypress\e2e\services\auditorsList\auditorsList.cy.js" time="0.000" failures="0">
  </testsuite>
  <testsuite name="Auditors List E2E Tests" timestamp="2024-09-18T22:25:19" tests="6" time="12.108" failures="1">
    <testcase name="Auditors List E2E Tests &quot;before each&quot; hook for &quot;should display the dropdown&quot;" time="0.000" classname="&quot;before each&quot; hook for &quot;should display the dropdown&quot;">
      <failure message="Timed out retrying after 10000ms: expected &apos;http://localhost:3000/sign-in?redirect_url=http%3A%2F%2Flocalhost%3A3000%2Fservices%2FauditorsList&apos; to not include &apos;/sign-in&apos;

Because this error occurred during a `before each` hook we are skipping the remaining tests in the current suite: `Auditors List E2E Tests`" type="AssertionError"><![CDATA[AssertionError: Timed out retrying after 10000ms: expected 'http://localhost:3000/sign-in?redirect_url=http%3A%2F%2Flocalhost%3A3000%2Fservices%2FauditorsList' to not include '/sign-in'

Because this error occurred during a `before each` hook we are skipping the remaining tests in the current suite: `Auditors List E2E Tests`
    at Context.eval (webpack://leonidbaichi/./cypress/e2e/services/auditorsList/auditorsList.cy.js:42:13)]]></failure>
    </testcase>
  </testsuite>
</testsuites>